  City.cpp
  CityMap.cpp
c:\users\user\source\repos\cities-of-serbia\citiesofserbia\citymap.cpp(20): warning C4244: 'argument': conversion from 'int' to 'T', possible loss of data
          with
          [
              T=float
          ]
c:\users\user\source\repos\cities-of-serbia\citiesofserbia\citymap.cpp(21): warning C4244: 'argument': conversion from 'int' to 'T', possible loss of data
          with
          [
              T=float
          ]
c:\users\user\source\repos\cities-of-serbia\citiesofserbia\citymap.cpp(22): warning C4244: 'argument': conversion from 'int' to 'T', possible loss of data
          with
          [
              T=float
          ]
c:\users\user\source\repos\cities-of-serbia\citiesofserbia\citymap.cpp(23): warning C4244: 'argument': conversion from 'int' to 'T', possible loss of data
          with
          [
              T=float
          ]
c:\users\user\source\repos\cities-of-serbia\citiesofserbia\citymap.cpp(27): warning C4244: 'argument': conversion from 'int' to 'T', possible loss of data
          with
          [
              T=float
          ]
c:\users\user\source\repos\cities-of-serbia\citiesofserbia\citymap.cpp(28): warning C4244: 'argument': conversion from 'int' to 'T', possible loss of data
          with
          [
              T=float
          ]
c:\users\user\source\repos\cities-of-serbia\citiesofserbia\citymap.cpp(29): warning C4244: 'argument': conversion from 'int' to 'T', possible loss of data
          with
          [
              T=float
          ]
c:\users\user\source\repos\cities-of-serbia\citiesofserbia\citymap.cpp(30): warning C4244: 'argument': conversion from 'int' to 'T', possible loss of data
          with
          [
              T=float
          ]
  main.cpp
  Generating code
  0 of 339 functions ( 0.0%) were compiled, the rest were copied from previous compilation.
    0 functions were new in current compilation
    0 functions had inline decision re-evaluated but remain unchanged
  Finished generating code
City.obj : warning LNK4020: a type record in 'c:\users\user\source\repos\cities-of-serbia\citiesofserbia\release\vc141.pdb' is corrupted; some symbols and types may not be accessible from the debugger
CityMap.obj : warning LNK4020: a type record in 'c:\users\user\source\repos\cities-of-serbia\citiesofserbia\release\vc141.pdb' is corrupted; some symbols and types may not be accessible from the debugger
main.obj : warning LNK4020: a type record in 'c:\users\user\source\repos\cities-of-serbia\citiesofserbia\release\vc141.pdb' is corrupted; some symbols and types may not be accessible from the debugger
  CitiesOfSerbia.vcxproj -> C:\Users\User\source\repos\Cities-Of-Serbia\Release\CitiesOfSerbia.exe
